[0.007s] Invoking command in '/home/leonard/camPE/build/ids_peak_cam': CMAKE_PREFIX_PATH=/opt/ros/humble /usr/bin/cmake /home/leonard/camPE/src/ids_peak -DCMAKE_INSTALL_PREFIX=/home/leonard/camPE/install/ids_peak_cam
[0.162s] -- The C compiler identification is GNU 11.4.0
[0.224s] -- The CXX compiler identification is GNU 11.4.0
[0.249s] -- Detecting C compiler ABI info
[0.324s] -- Detecting C compiler ABI info - done
[0.330s] -- Check for working C compiler: /usr/bin/cc - skipped
[0.331s] -- Detecting C compile features
[0.332s] -- Detecting C compile features - done
[0.338s] -- Detecting CXX compiler ABI info
[0.412s] -- Detecting CXX compiler ABI info - done
[0.427s] -- Check for working CXX compiler: /usr/bin/c++ - skipped
[0.427s] -- Detecting CXX compile features
[0.427s] -- Detecting CXX compile features - done
[0.453s] -- Found ament_cmake: 1.3.8 (/opt/ros/humble/share/ament_cmake/cmake)
[0.607s] -- Found Python3: /usr/bin/python3 (found version "3.10.12") found components: Interpreter 
[0.730s] -- Found rclcpp: 16.0.8 (/opt/ros/humble/share/rclcpp/cmake)
[0.819s] -- Found rosidl_generator_c: 3.1.5 (/opt/ros/humble/share/rosidl_generator_c/cmake)
[0.827s] -- Found rosidl_adapter: 3.1.5 (/opt/ros/humble/share/rosidl_adapter/cmake)
[0.844s] -- Found rosidl_generator_cpp: 3.1.5 (/opt/ros/humble/share/rosidl_generator_cpp/cmake)
[0.884s] -- Using all available rosidl_typesupport_c: rosidl_typesupport_fastrtps_c;rosidl_typesupport_introspection_c
[0.924s] -- Using all available rosidl_typesupport_cpp: rosidl_typesupport_fastrtps_cpp;rosidl_typesupport_introspection_cpp
[1.028s] -- Found rmw_implementation_cmake: 6.1.1 (/opt/ros/humble/share/rmw_implementation_cmake/cmake)
[1.034s] -- Found rmw_fastrtps_cpp: 6.2.6 (/opt/ros/humble/share/rmw_fastrtps_cpp/cmake)
[1.154s] -- Found OpenSSL: /usr/lib/x86_64-linux-gnu/libcrypto.so (found version "3.0.2")  
[1.190s] -- Found FastRTPS: /opt/ros/humble/include  
[1.228s] -- Using RMW implementation 'rmw_fastrtps_cpp' as default
[1.245s] -- Looking for pthread.h
[1.304s] -- Looking for pthread.h - found
[1.304s] -- Performing Test CMAKE_HAVE_LIBC_PTHREAD
[1.367s] -- Performing Test CMAKE_HAVE_LIBC_PTHREAD - Success
[1.367s] -- Found Threads: TRUE  
[1.672s] -- Found ament_cmake_auto: 1.3.8 (/opt/ros/humble/share/ament_cmake_auto/cmake)
[1.729s] [31mCMake Error at /opt/ros/humble/share/ament_cmake_core/cmake/core/ament_package_xml.cmake:53 (message):
[1.729s]   ament_package_xml() package name 'ids_peak_cam' in '/package.xml' does not
[1.729s]   match current PROJECT_NAME 'ids_peak'.  You must call project() with the
[1.729s]   same package name before.
[1.729s] Call Stack (most recent call first):
[1.729s]   /opt/ros/humble/share/ament_cmake_auto/cmake/ament_auto_find_build_dependencies.cmake:42 (ament_package_xml)
[1.729s]   CMakeLists.txt:41 (ament_auto_find_build_dependencies)
[1.729s] 
[1.729s] [0m
[1.729s] -- Configuring incomplete, errors occurred!
[1.729s] See also "/home/leonard/camPE/build/ids_peak_cam/CMakeFiles/CMakeOutput.log".
[1.737s] Invoked command in '/home/leonard/camPE/build/ids_peak_cam' returned '1': CMAKE_PREFIX_PATH=/opt/ros/humble /usr/bin/cmake /home/leonard/camPE/src/ids_peak -DCMAKE_INSTALL_PREFIX=/home/leonard/camPE/install/ids_peak_cam
