-- Found ament_cmake: 1.3.8 (/opt/ros/humble/share/ament_cmake/cmake)
-- Found rclcpp: 16.0.8 (/opt/ros/humble/share/rclcpp/cmake)
-- Found rosidl_generator_c: 3.1.5 (/opt/ros/humble/share/rosidl_generator_c/cmake)
-- Found rosidl_adapter: 3.1.5 (/opt/ros/humble/share/rosidl_adapter/cmake)
-- Found rosidl_generator_cpp: 3.1.5 (/opt/ros/humble/share/rosidl_generator_cpp/cmake)
-- Using all available rosidl_typesupport_c: rosidl_typesupport_fastrtps_c;rosidl_typesupport_introspection_c
-- Using all available rosidl_typesupport_cpp: rosidl_typesupport_fastrtps_cpp;rosidl_typesupport_introspection_cpp
-- Found rmw_implementation_cmake: 6.1.1 (/opt/ros/humble/share/rmw_implementation_cmake/cmake)
-- Found rmw_fastrtps_cpp: 6.2.6 (/opt/ros/humble/share/rmw_fastrtps_cpp/cmake)
-- Using RMW implementation 'rmw_fastrtps_cpp' as default
-- Found ament_cmake_auto: 1.3.8 (/opt/ros/humble/share/ament_cmake_auto/cmake)
-- Found camera_info_manager: 3.1.8 (/opt/ros/humble/share/camera_info_manager/cmake)
-- Found Boost: /usr/lib/x86_64-linux-gnu/cmake/Boost-1.74.0/BoostConfig.cmake (found version "1.74.0") found components: system 
-- Found ament_lint_auto: 0.12.10 (/opt/ros/humble/share/ament_lint_auto/cmake)
-- Found Boost: /usr/lib/x86_64-linux-gnu/cmake/Boost-1.74.0/BoostConfig.cmake (found version "1.74.0") found components: thread 
-- Configuring done
-- Generating done
-- Build files have been written to: /home/leonard/camPE/build/ids_peak
[  8%] [32mBuilding CXX object CMakeFiles/ids_peak_cam_node.dir/src/ids_peak_cam.cpp.o[0m
[ 16%] [32mBuilding CXX object CMakeFiles/ids_peak_cam_node_3.dir/src/ids_peak_cam_node_3.cpp.o[0m
[ 33%] [32mBuilding CXX object CMakeFiles/ids_peak_cam_node_2.dir/src/ids_peak_cam_node_2.cpp.o[0m
[ 33%] [32mBuilding CXX object CMakeFiles/ids_peak_cam_node_4.dir/src/ids_peak_cam_node_4.cpp.o[0m
[ 41%] [32mBuilding CXX object CMakeFiles/ids_peak_cam_node.dir/src/ids_peak_cam_node.cpp.o[0m
[ 58%] [32mBuilding CXX object CMakeFiles/ids_peak_cam_node_3.dir/src/ids_peak_cam_3.cpp.o[0m
[ 58%] [32mBuilding CXX object CMakeFiles/ids_peak_cam_node_4.dir/src/ids_peak_cam_4.cpp.o[0m
