[0.310s] DEBUG:colcon:Command line arguments: ['/usr/bin/colcon', 'list', '-p', '--base-paths', '/home/leonard/camPE']
[0.310s] DEBUG:colcon:Parsed command line arguments: Namespace(log_base=None, log_level=None, verb_name='list', build_base='build', ignore_user_meta=False, metas=['./colcon.meta'], base_paths=['/home/leonard/camPE'], packages_ignore=None, packages_ignore_regex=None, paths=None, packages_up_to=None, packages_up_to_regex=None, packages_above=None, packages_above_and_dependencies=None, packages_above_depth=None, packages_select_by_dep=None, packages_skip_by_dep=None, packages_skip_up_to=None, packages_select_build_failed=False, packages_skip_build_finished=False, packages_select_test_failures=False, packages_skip_test_passed=False, packages_select=None, packages_skip=None, packages_select_regex=None, packages_skip_regex=None, packages_start=None, packages_end=None, allow_overriding=[], topological_order=False, names_only=False, paths_only=True, topological_graph=False, topological_graph_dot=False, topological_graph_density=False, topological_graph_legend=False, topological_graph_dot_cluster=False, topological_graph_dot_include_skipped=False, verb_parser=<colcon_defaults.argument_parser.defaults.DefaultArgumentsDecorator object at 0x758024d508b0>, verb_extension=<colcon_package_information.verb.list.ListVerb object at 0x758024d0f970>, main=<bound method ListVerb.main of <colcon_package_information.verb.list.ListVerb object at 0x758024d0f970>>)
[0.956s] Level 1:colcon.colcon_core.package_discovery:discover_packages(colcon_meta) check parameters
[0.966s] Level 1:colcon.colcon_core.package_discovery:discover_packages(recursive) check parameters
[0.967s] Level 1:colcon.colcon_core.package_discovery:discover_packages(ignore) check parameters
[0.967s] Level 1:colcon.colcon_core.package_discovery:discover_packages(path) check parameters
[0.967s] Level 1:colcon.colcon_core.package_discovery:discover_packages(recursive) discover
[0.967s] INFO:colcon.colcon_core.package_discovery:Crawling recursively for packages in '/home/leonard/camPE'
[0.967s] Level 1:colcon.colcon_core.package_identification:_identify(/home/leonard/camPE) by extensions ['ignore', 'ignore_ament_install']
[0.968s] Level 1:colcon.colcon_core.package_identification:_identify(/home/leonard/camPE) by extension 'ignore'
[0.968s] Level 1:colcon.colcon_core.package_identification:_identify(/home/leonard/camPE) by extension 'ignore_ament_install'
[0.968s] Level 1:colcon.colcon_core.package_identification:_identify(/home/leonard/camPE) by extensions ['colcon_pkg']
[0.968s] Level 1:colcon.colcon_core.package_identification:_identify(/home/leonard/camPE) by extension 'colcon_pkg'
[0.968s] Level 1:colcon.colcon_core.package_identification:_identify(/home/leonard/camPE) by extensions ['colcon_meta']
[0.968s] Level 1:colcon.colcon_core.package_identification:_identify(/home/leonard/camPE) by extension 'colcon_meta'
[0.968s] Level 1:colcon.colcon_core.package_identification:_identify(/home/leonard/camPE) by extensions ['ros']
[0.968s] Level 1:colcon.colcon_core.package_identification:_identify(/home/leonard/camPE) by extension 'ros'
[1.005s] Level 1:colcon.colcon_core.package_identification:_identify(/home/leonard/camPE) by extensions ['cmake', 'python']
[1.006s] Level 1:colcon.colcon_core.package_identification:_identify(/home/leonard/camPE) by extension 'cmake'
[1.006s] Level 1:colcon.colcon_core.package_identification:_identify(/home/leonard/camPE) by extension 'python'
[1.006s] Level 1:colcon.colcon_core.package_identification:_identify(/home/leonard/camPE) by extensions ['python_setup_py']
[1.006s] Level 1:colcon.colcon_core.package_identification:_identify(/home/leonard/camPE) by extension 'python_setup_py'
[1.008s] Level 1:colcon.colcon_core.package_identification:_identify(/home/leonard/camPE/build) by extensions ['ignore', 'ignore_ament_install']
[1.008s] Level 1:colcon.colcon_core.package_identification:_identify(/home/leonard/camPE/build) by extension 'ignore'
[1.008s] Level 1:colcon.colcon_core.package_identification:_identify(/home/leonard/camPE/build) ignored
[1.011s] Level 1:colcon.colcon_core.package_identification:_identify(/home/leonard/camPE/install) by extensions ['ignore', 'ignore_ament_install']
[1.013s] Level 1:colcon.colcon_core.package_identification:_identify(/home/leonard/camPE/install) by extension 'ignore'
[1.013s] Level 1:colcon.colcon_core.package_identification:_identify(/home/leonard/camPE/install) ignored
[1.013s] Level 1:colcon.colcon_core.package_identification:_identify(/home/leonard/camPE/log) by extensions ['ignore', 'ignore_ament_install']
[1.013s] Level 1:colcon.colcon_core.package_identification:_identify(/home/leonard/camPE/log) by extension 'ignore'
[1.013s] Level 1:colcon.colcon_core.package_identification:_identify(/home/leonard/camPE/log) ignored
[1.013s] Level 1:colcon.colcon_core.package_identification:_identify(/home/leonard/camPE/src) by extensions ['ignore', 'ignore_ament_install']
[1.013s] Level 1:colcon.colcon_core.package_identification:_identify(/home/leonard/camPE/src) by extension 'ignore'
[1.013s] Level 1:colcon.colcon_core.package_identification:_identify(/home/leonard/camPE/src) by extension 'ignore_ament_install'
[1.013s] Level 1:colcon.colcon_core.package_identification:_identify(/home/leonard/camPE/src) by extensions ['colcon_pkg']
[1.013s] Level 1:colcon.colcon_core.package_identification:_identify(/home/leonard/camPE/src) by extension 'colcon_pkg'
[1.014s] Level 1:colcon.colcon_core.package_identification:_identify(/home/leonard/camPE/src) by extensions ['colcon_meta']
[1.014s] Level 1:colcon.colcon_core.package_identification:_identify(/home/leonard/camPE/src) by extension 'colcon_meta'
[1.014s] Level 1:colcon.colcon_core.package_identification:_identify(/home/leonard/camPE/src) by extensions ['ros']
[1.014s] Level 1:colcon.colcon_core.package_identification:_identify(/home/leonard/camPE/src) by extension 'ros'
[1.014s] Level 1:colcon.colcon_core.package_identification:_identify(/home/leonard/camPE/src) by extensions ['cmake', 'python']
[1.014s] Level 1:colcon.colcon_core.package_identification:_identify(/home/leonard/camPE/src) by extension 'cmake'
[1.014s] Level 1:colcon.colcon_core.package_identification:_identify(/home/leonard/camPE/src) by extension 'python'
[1.014s] Level 1:colcon.colcon_core.package_identification:_identify(/home/leonard/camPE/src) by extensions ['python_setup_py']
[1.014s] Level 1:colcon.colcon_core.package_identification:_identify(/home/leonard/camPE/src) by extension 'python_setup_py'
[1.014s] Level 1:colcon.colcon_core.package_identification:_identify(/home/leonard/camPE/src/ids_peak) by extensions ['ignore', 'ignore_ament_install']
[1.014s] Level 1:colcon.colcon_core.package_identification:_identify(/home/leonard/camPE/src/ids_peak) by extension 'ignore'
[1.014s] Level 1:colcon.colcon_core.package_identification:_identify(/home/leonard/camPE/src/ids_peak) by extension 'ignore_ament_install'
[1.014s] Level 1:colcon.colcon_core.package_identification:_identify(/home/leonard/camPE/src/ids_peak) by extensions ['colcon_pkg']
[1.014s] Level 1:colcon.colcon_core.package_identification:_identify(/home/leonard/camPE/src/ids_peak) by extension 'colcon_pkg'
[1.014s] Level 1:colcon.colcon_core.package_identification:_identify(/home/leonard/camPE/src/ids_peak) by extensions ['colcon_meta']
[1.014s] Level 1:colcon.colcon_core.package_identification:_identify(/home/leonard/camPE/src/ids_peak) by extension 'colcon_meta'
[1.014s] Level 1:colcon.colcon_core.package_identification:_identify(/home/leonard/camPE/src/ids_peak) by extensions ['ros']
[1.023s] Level 1:colcon.colcon_core.package_identification:_identify(/home/leonard/camPE/src/ids_peak) by extension 'ros'
[1.038s] DEBUG:colcon.colcon_core.package_identification:Package '/home/leonard/camPE/src/ids_peak' with type 'ros.ament_cmake' and name 'ids_peak'
[1.038s] Level 1:colcon.colcon_core.package_discovery:discover_packages(recursive) using defaults
