[0.007s] Invoking command in '/home/leonard/camPE/build/ids_peak': CMAKE_PREFIX_PATH=/opt/ros/humble /usr/bin/cmake /home/leonard/camPE/src/ids_peak -DCMAKE_INSTALL_PREFIX=/home/leonard/camPE/install/ids_peak
[0.055s] -- The C compiler identification is GNU 11.4.0
[0.100s] -- The CXX compiler identification is GNU 11.4.0
[0.107s] -- Detecting C compiler ABI info
[0.172s] -- Detecting C compiler ABI info - done
[0.179s] -- Check for working C compiler: /usr/bin/cc - skipped
[0.180s] -- Detecting C compile features
[0.180s] -- Detecting C compile features - done
[0.184s] -- Detecting CXX compiler ABI info
[0.261s] -- Detecting CXX compiler ABI info - done
[0.269s] -- Check for working CXX compiler: /usr/bin/c++ - skipped
[0.269s] -- Detecting CXX compile features
[0.270s] -- Detecting CXX compile features - done
[0.272s] -- Found ament_cmake: 1.3.8 (/opt/ros/humble/share/ament_cmake/cmake)
[0.406s] -- Found Python3: /usr/bin/python3 (found version "3.10.12") found components: Interpreter 
[0.487s] -- Found rclcpp: 16.0.8 (/opt/ros/humble/share/rclcpp/cmake)
[0.528s] -- Found rosidl_generator_c: 3.1.5 (/opt/ros/humble/share/rosidl_generator_c/cmake)
[0.528s] -- Found rosidl_adapter: 3.1.5 (/opt/ros/humble/share/rosidl_adapter/cmake)
[0.535s] -- Found rosidl_generator_cpp: 3.1.5 (/opt/ros/humble/share/rosidl_generator_cpp/cmake)
[0.549s] -- Using all available rosidl_typesupport_c: rosidl_typesupport_fastrtps_c;rosidl_typesupport_introspection_c
[0.565s] -- Using all available rosidl_typesupport_cpp: rosidl_typesupport_fastrtps_cpp;rosidl_typesupport_introspection_cpp
[0.622s] -- Found rmw_implementation_cmake: 6.1.1 (/opt/ros/humble/share/rmw_implementation_cmake/cmake)
[0.624s] -- Found rmw_fastrtps_cpp: 6.2.6 (/opt/ros/humble/share/rmw_fastrtps_cpp/cmake)
[0.702s] -- Found OpenSSL: /usr/lib/x86_64-linux-gnu/libcrypto.so (found version "3.0.2")  
[0.722s] -- Found FastRTPS: /opt/ros/humble/include  
[0.760s] -- Using RMW implementation 'rmw_fastrtps_cpp' as default
[0.767s] -- Looking for pthread.h
[0.824s] -- Looking for pthread.h - found
[0.825s] -- Performing Test CMAKE_HAVE_LIBC_PTHREAD
[0.888s] -- Performing Test CMAKE_HAVE_LIBC_PTHREAD - Success
[0.889s] -- Found Threads: TRUE  
[1.138s] -- Found ament_cmake_auto: 1.3.8 (/opt/ros/humble/share/ament_cmake_auto/cmake)
[1.527s] -- Found camera_info_manager: 3.1.8 (/opt/ros/humble/share/camera_info_manager/cmake)
[1.613s] -- Found Boost: /usr/lib/x86_64-linux-gnu/cmake/Boost-1.74.0/BoostConfig.cmake (found version "1.74.0") found components: system 
[1.626s] -- Found Boost: /usr/lib/x86_64-linux-gnu/cmake/Boost-1.74.0/BoostConfig.cmake (found version "1.74.0") found components: thread 
[1.640s] [31mCMake Error at /opt/ros/humble/share/ament_cmake_target_dependencies/cmake/ament_target_dependencies.cmake:42 (message):
[1.640s]   ament_target_dependencies() the first argument must be a valid target name
[1.640s] Call Stack (most recent call first):
[1.640s]   CMakeLists.txt:166 (ament_target_dependencies)
[1.640s] 
[1.640s] [0m
[1.640s] -- Configuring incomplete, errors occurred!
[1.640s] See also "/home/leonard/camPE/build/ids_peak/CMakeFiles/CMakeOutput.log".
[1.648s] Invoked command in '/home/leonard/camPE/build/ids_peak' returned '1': CMAKE_PREFIX_PATH=/opt/ros/humble /usr/bin/cmake /home/leonard/camPE/src/ids_peak -DCMAKE_INSTALL_PREFIX=/home/leonard/camPE/install/ids_peak
