[0.008s] Invoking command in '/home/leonard/camPE/build/ids_peak': CMAKE_PREFIX_PATH=/opt/ros/humble /usr/bin/cmake /home/leonard/camPE/src/ids_peak -DCMAKE_INSTALL_PREFIX=/home/leonard/camPE/install/ids_peak
[0.019s] -- Found ament_cmake: 1.3.8 (/opt/ros/humble/share/ament_cmake/cmake)
[0.125s] -- Found rclcpp: 16.0.8 (/opt/ros/humble/share/rclcpp/cmake)
[0.155s] -- Found rosidl_generator_c: 3.1.5 (/opt/ros/humble/share/rosidl_generator_c/cmake)
[0.157s] -- Found rosidl_adapter: 3.1.5 (/opt/ros/humble/share/rosidl_adapter/cmake)
[0.163s] -- Found rosidl_generator_cpp: 3.1.5 (/opt/ros/humble/share/rosidl_generator_cpp/cmake)
[0.172s] -- Using all available rosidl_typesupport_c: rosidl_typesupport_fastrtps_c;rosidl_typesupport_introspection_c
[0.185s] -- Using all available rosidl_typesupport_cpp: rosidl_typesupport_fastrtps_cpp;rosidl_typesupport_introspection_cpp
[0.235s] -- Found rmw_implementation_cmake: 6.1.1 (/opt/ros/humble/share/rmw_implementation_cmake/cmake)
[0.236s] -- Found rmw_fastrtps_cpp: 6.2.6 (/opt/ros/humble/share/rmw_fastrtps_cpp/cmake)
[0.336s] -- Using RMW implementation 'rmw_fastrtps_cpp' as default
[0.584s] -- Found ament_cmake_auto: 1.3.8 (/opt/ros/humble/share/ament_cmake_auto/cmake)
[0.866s] -- Found camera_info_manager: 3.1.8 (/opt/ros/humble/share/camera_info_manager/cmake)
[0.908s] -- Found Boost: /usr/lib/x86_64-linux-gnu/cmake/Boost-1.74.0/BoostConfig.cmake (found version "1.74.0") found components: system 
[0.915s] -- Found Boost: /usr/lib/x86_64-linux-gnu/cmake/Boost-1.74.0/BoostConfig.cmake (found version "1.74.0") found components: thread 
[0.949s] -- Found ament_lint_auto: 0.12.10 (/opt/ros/humble/share/ament_lint_auto/cmake)
[0.950s] [31mCMake Error at /opt/ros/humble/share/ament_lint_auto/cmake/ament_lint_auto-extras.cmake:18 (message):
[0.950s]   find_package(ament_lint_auto) must be called before ament_package()
[0.950s] Call Stack (most recent call first):
[0.950s]   /opt/ros/humble/share/ament_lint_auto/cmake/ament_lint_autoConfig.cmake:41 (include)
[0.950s]   CMakeLists.txt:195 (find_package)
[0.950s] 
[0.950s] [0m
[0.950s] -- Configuring incomplete, errors occurred!
[0.950s] See also "/home/leonard/camPE/build/ids_peak/CMakeFiles/CMakeOutput.log".
[0.957s] Invoked command in '/home/leonard/camPE/build/ids_peak' returned '1': CMAKE_PREFIX_PATH=/opt/ros/humble /usr/bin/cmake /home/leonard/camPE/src/ids_peak -DCMAKE_INSTALL_PREFIX=/home/leonard/camPE/install/ids_peak
