[31mCMake Error at CMakeLists.txt:101 (target_include_directories):
  Cannot specify include directories for target "ids_peak_cam_node" which is
  not built by this project.

[0m
[31mCMake Error at CMakeLists.txt:103 (target_include_directories):
  Cannot specify include directories for target "ids_peak_cam_node_2" which
  is not built by this project.

[0m
[31mCMake Error at CMakeLists.txt:105 (target_include_directories):
  Cannot specify include directories for target "ids_peak_cam_node_3" which
  is not built by this project.

[0m
[31mCMake Error at CMakeLists.txt:107 (target_include_directories):
  Cannot specify include directories for target "ids_peak_cam_node_4" which
  is not built by this project.

[0m
[31mCMake Error at /opt/ros/humble/share/ament_cmake_target_dependencies/cmake/ament_target_dependencies.cmake:42 (message):
  ament_target_dependencies() the first argument must be a valid target name
Call Stack (most recent call first):
  CMakeLists.txt:166 (ament_target_dependencies)

[0m
