[0.010s] Invoking command in '/home/leonard/camPE/build/ids_peak': CMAKE_PREFIX_PATH=/opt/ros/humble /usr/bin/cmake /home/leonard/camPE/src/ids_peak -DCMAKE_INSTALL_PREFIX=/home/leonard/camPE/install/ids_peak
[0.020s] -- Found ament_cmake: 1.3.8 (/opt/ros/humble/share/ament_cmake/cmake)
[0.120s] -- Found rclcpp: 16.0.8 (/opt/ros/humble/share/rclcpp/cmake)
[0.152s] -- Found rosidl_generator_c: 3.1.5 (/opt/ros/humble/share/rosidl_generator_c/cmake)
[0.154s] -- Found rosidl_adapter: 3.1.5 (/opt/ros/humble/share/rosidl_adapter/cmake)
[0.159s] -- Found rosidl_generator_cpp: 3.1.5 (/opt/ros/humble/share/rosidl_generator_cpp/cmake)
[0.169s] -- Using all available rosidl_typesupport_c: rosidl_typesupport_fastrtps_c;rosidl_typesupport_introspection_c
[0.182s] -- Using all available rosidl_typesupport_cpp: rosidl_typesupport_fastrtps_cpp;rosidl_typesupport_introspection_cpp
[0.232s] -- Found rmw_implementation_cmake: 6.1.1 (/opt/ros/humble/share/rmw_implementation_cmake/cmake)
[0.233s] -- Found rmw_fastrtps_cpp: 6.2.6 (/opt/ros/humble/share/rmw_fastrtps_cpp/cmake)
[0.332s] -- Using RMW implementation 'rmw_fastrtps_cpp' as default
[0.590s] -- Found ament_cmake_auto: 1.3.8 (/opt/ros/humble/share/ament_cmake_auto/cmake)
[0.866s] -- Found camera_info_manager: 3.1.8 (/opt/ros/humble/share/camera_info_manager/cmake)
[0.908s] -- Found Boost: /usr/lib/x86_64-linux-gnu/cmake/Boost-1.74.0/BoostConfig.cmake (found version "1.74.0") found components: system 
[0.915s] -- Found Boost: /usr/lib/x86_64-linux-gnu/cmake/Boost-1.74.0/BoostConfig.cmake (found version "1.74.0") found components: thread 
[0.916s] [31mCMake Error at CMakeLists.txt:101 (target_include_directories):
[0.916s]   Cannot specify include directories for target "ids_peak_cam_node" which is
[0.916s]   not built by this project.
[0.916s] 
[0.916s] [0m
[0.916s] [31mCMake Error at CMakeLists.txt:103 (target_include_directories):
[0.916s]   Cannot specify include directories for target "ids_peak_cam_node_2" which
[0.916s]   is not built by this project.
[0.916s] 
[0.916s] [0m
[0.916s] [31mCMake Error at CMakeLists.txt:105 (target_include_directories):
[0.916s]   Cannot specify include directories for target "ids_peak_cam_node_3" which
[0.916s]   is not built by this project.
[0.916s] 
[0.917s] [0m
[0.917s] [31mCMake Error at CMakeLists.txt:107 (target_include_directories):
[0.917s]   Cannot specify include directories for target "ids_peak_cam_node_4" which
[0.917s]   is not built by this project.
[0.917s] 
[0.917s] [0m
[0.927s] [31mCMake Error at /opt/ros/humble/share/ament_cmake_target_dependencies/cmake/ament_target_dependencies.cmake:42 (message):
[0.927s]   ament_target_dependencies() the first argument must be a valid target name
[0.927s] Call Stack (most recent call first):
[0.928s]   CMakeLists.txt:166 (ament_target_dependencies)
[0.928s] 
[0.928s] [0m
[0.928s] -- Configuring incomplete, errors occurred!
[0.928s] See also "/home/leonard/camPE/build/ids_peak/CMakeFiles/CMakeOutput.log".
[0.935s] Invoked command in '/home/leonard/camPE/build/ids_peak' returned '1': CMAKE_PREFIX_PATH=/opt/ros/humble /usr/bin/cmake /home/leonard/camPE/src/ids_peak -DCMAKE_INSTALL_PREFIX=/home/leonard/camPE/install/ids_peak
