[ 66%] Built target ids_peak_cam_node_3
[ 75%] Built target ids_peak_cam_node_4
[ 91%] Built target ids_peak_cam_node
[100%] Built target ids_peak_cam_node_2
-- Install configuration: ""
-- Up-to-date: /home/leonard/camPE/install/ids_peak/share/ids_peak/environment/library_path.sh
-- Up-to-date: /home/leonard/camPE/install/ids_peak/share/ids_peak/environment/library_path.dsv
-- Up-to-date: /home/leonard/camPE/install/ids_peak/lib/ids_peak/ids_peak_cam_node
-- Up-to-date: /home/leonard/camPE/install/ids_peak/share/ids_peak/
-- Up-to-date: /home/leonard/camPE/install/ids_peak/lib/ids_peak/ids_peak_cam_node_2
-- Up-to-date: /home/leonard/camPE/install/ids_peak/include
-- Up-to-date: /home/leonard/camPE/install/ids_peak/include/ids_peak_cam.h
-- Up-to-date: /home/leonard/camPE/install/ids_peak/include/ids_peak_cam_2.h
-- Up-to-date: /home/leonard/camPE/install/ids_peak/include/peak_buffer_converter.hpp
-- Up-to-date: /home/leonard/camPE/install/ids_peak/include/ids_peak_cam_4.h
-- Up-to-date: /home/leonard/camPE/install/ids_peak/include/ids_peak_cam_3.h
-- Up-to-date: /home/leonard/camPE/install/ids_peak/include/ids_peak
-- Up-to-date: /home/leonard/camPE/install/ids_peak/include/ids_peak/ids_peak_cam.h
-- Up-to-date: /home/leonard/camPE/install/ids_peak/include/ids_peak/ids_peak_cam_2.h
-- Up-to-date: /home/leonard/camPE/install/ids_peak/include/ids_peak/peak_buffer_converter.hpp
-- Up-to-date: /home/leonard/camPE/install/ids_peak/include/ids_peak/ids_peak_cam_4.h
-- Up-to-date: /home/leonard/camPE/install/ids_peak/include/ids_peak/ids_peak_cam_3.h
-- Up-to-date: /home/leonard/camPE/install/ids_peak/share/ament_index/resource_index/package_run_dependencies/ids_peak
-- Up-to-date: /home/leonard/camPE/install/ids_peak/share/ament_index/resource_index/parent_prefix_path/ids_peak
-- Up-to-date: /home/leonard/camPE/install/ids_peak/share/ids_peak/environment/ament_prefix_path.sh
-- Up-to-date: /home/leonard/camPE/install/ids_peak/share/ids_peak/environment/ament_prefix_path.dsv
-- Up-to-date: /home/leonard/camPE/install/ids_peak/share/ids_peak/environment/path.sh
-- Up-to-date: /home/leonard/camPE/install/ids_peak/share/ids_peak/environment/path.dsv
-- Up-to-date: /home/leonard/camPE/install/ids_peak/share/ids_peak/local_setup.bash
-- Up-to-date: /home/leonard/camPE/install/ids_peak/share/ids_peak/local_setup.sh
-- Up-to-date: /home/leonard/camPE/install/ids_peak/share/ids_peak/local_setup.zsh
-- Up-to-date: /home/leonard/camPE/install/ids_peak/share/ids_peak/local_setup.dsv
-- Up-to-date: /home/leonard/camPE/install/ids_peak/share/ids_peak/package.dsv
-- Up-to-date: /home/leonard/camPE/install/ids_peak/share/ament_index/resource_index/packages/ids_peak
-- Up-to-date: /home/leonard/camPE/install/ids_peak/share/ids_peak/cmake/ament_cmake_export_libraries-extras.cmake
-- Up-to-date: /home/leonard/camPE/install/ids_peak/share/ids_peak/cmake/ament_cmake_export_include_directories-extras.cmake
-- Up-to-date: /home/leonard/camPE/install/ids_peak/share/ids_peak/cmake/ament_cmake_export_dependencies-extras.cmake
-- Up-to-date: /home/leonard/camPE/install/ids_peak/share/ids_peak/cmake/ids_peakConfig.cmake
-- Up-to-date: /home/leonard/camPE/install/ids_peak/share/ids_peak/cmake/ids_peakConfig-version.cmake
-- Up-to-date: /home/leonard/camPE/install/ids_peak/share/ids_peak/package.xml
