[0.016s] Invoking command in '/home/leonard/camPE/build/ids_peak': CMAKE_PREFIX_PATH=/opt/ros/humble /usr/bin/cmake --build /home/leonard/camPE/build/ids_peak -- -j5 -l5
[0.247s] -- Found ament_cmake: 1.3.8 (/opt/ros/humble/share/ament_cmake/cmake)
[0.442s] -- Found rclcpp: 16.0.8 (/opt/ros/humble/share/rclcpp/cmake)
[0.521s] -- Found rosidl_generator_c: 3.1.5 (/opt/ros/humble/share/rosidl_generator_c/cmake)
[0.527s] -- Found rosidl_adapter: 3.1.5 (/opt/ros/humble/share/rosidl_adapter/cmake)
[0.546s] -- Found rosidl_generator_cpp: 3.1.5 (/opt/ros/humble/share/rosidl_generator_cpp/cmake)
[0.578s] -- Using all available rosidl_typesupport_c: rosidl_typesupport_fastrtps_c;rosidl_typesupport_introspection_c
[0.607s] -- Using all available rosidl_typesupport_cpp: rosidl_typesupport_fastrtps_cpp;rosidl_typesupport_introspection_cpp
[0.704s] -- Found rmw_implementation_cmake: 6.1.1 (/opt/ros/humble/share/rmw_implementation_cmake/cmake)
[0.709s] -- Found rmw_fastrtps_cpp: 6.2.6 (/opt/ros/humble/share/rmw_fastrtps_cpp/cmake)
[0.851s] -- Using RMW implementation 'rmw_fastrtps_cpp' as default
[1.065s] -- Found ament_cmake_auto: 1.3.8 (/opt/ros/humble/share/ament_cmake_auto/cmake)
[1.452s] -- Found camera_info_manager: 3.1.8 (/opt/ros/humble/share/camera_info_manager/cmake)
[1.513s] -- Found Boost: /usr/lib/x86_64-linux-gnu/cmake/Boost-1.74.0/BoostConfig.cmake (found version "1.74.0") found components: system 
[1.515s] -- Found ament_lint_auto: 0.12.10 (/opt/ros/humble/share/ament_lint_auto/cmake)
[1.528s] -- Found Boost: /usr/lib/x86_64-linux-gnu/cmake/Boost-1.74.0/BoostConfig.cmake (found version "1.74.0") found components: thread 
[1.571s] -- Configuring done
[1.612s] -- Generating done
[1.614s] -- Build files have been written to: /home/leonard/camPE/build/ids_peak
[1.639s] [35m[1mConsolidate compiler generated dependencies of target ids_peak_cam_node[0m
[1.645s] [35m[1mConsolidate compiler generated dependencies of target ids_peak_cam_node_4[0m
[1.646s] [35m[1mConsolidate compiler generated dependencies of target ids_peak_cam_node_2[0m
[1.653s] [35m[1mConsolidate compiler generated dependencies of target ids_peak_cam_node_3[0m
[1.694s] [ 25%] Built target ids_peak_cam_node
[1.695s] [ 50%] Built target ids_peak_cam_node_2
[1.701s] [ 75%] Built target ids_peak_cam_node_4
[1.706s] [100%] Built target ids_peak_cam_node_3
[1.724s] Invoked command in '/home/leonard/camPE/build/ids_peak' returned '0': CMAKE_PREFIX_PATH=/opt/ros/humble /usr/bin/cmake --build /home/leonard/camPE/build/ids_peak -- -j5 -l5
[1.776s] Invoking command in '/home/leonard/camPE/build/ids_peak': CMAKE_PREFIX_PATH=/opt/ros/humble /usr/bin/cmake --install /home/leonard/camPE/build/ids_peak
[1.783s] -- Install configuration: ""
[1.783s] -- Up-to-date: /home/leonard/camPE/install/ids_peak/share/ids_peak/environment/library_path.sh
[1.783s] -- Installing: /home/leonard/camPE/install/ids_peak/share/ids_peak/environment/library_path.dsv
[1.784s] -- Up-to-date: /home/leonard/camPE/install/ids_peak/lib/ids_peak/ids_peak_cam_node
[1.792s] -- Up-to-date: /home/leonard/camPE/install/ids_peak/share/ids_peak/
[1.792s] -- Installing: /home/leonard/camPE/install/ids_peak/lib/ids_peak/ids_peak_cam_node_2
[1.794s] -- Set runtime path of "/home/leonard/camPE/install/ids_peak/lib/ids_peak/ids_peak_cam_node_2" to ""
[1.794s] -- Installing: /home/leonard/camPE/install/ids_peak/include
[1.794s] -- Installing: /home/leonard/camPE/install/ids_peak/include/ids_peak_cam.h
[1.794s] -- Installing: /home/leonard/camPE/install/ids_peak/include/ids_peak_cam_2.h
[1.794s] -- Installing: /home/leonard/camPE/install/ids_peak/include/peak_buffer_converter.hpp
[1.794s] -- Installing: /home/leonard/camPE/install/ids_peak/include/ids_peak_cam_4.h
[1.794s] -- Installing: /home/leonard/camPE/install/ids_peak/include/ids_peak_cam_3.h
[1.794s] -- Installing: /home/leonard/camPE/install/ids_peak/include/ids_peak
[1.794s] -- Installing: /home/leonard/camPE/install/ids_peak/include/ids_peak/ids_peak_cam.h
[1.795s] -- Installing: /home/leonard/camPE/install/ids_peak/include/ids_peak/ids_peak_cam_2.h
[1.796s] -- Installing: /home/leonard/camPE/install/ids_peak/include/ids_peak/peak_buffer_converter.hpp
[1.796s] -- Installing: /home/leonard/camPE/install/ids_peak/include/ids_peak/ids_peak_cam_4.h
[1.797s] -- Installing: /home/leonard/camPE/install/ids_peak/include/ids_peak/ids_peak_cam_3.h
[1.798s] -- Installing: /home/leonard/camPE/install/ids_peak/share/ament_index/resource_index/package_run_dependencies/ids_peak
[1.798s] -- Installing: /home/leonard/camPE/install/ids_peak/share/ament_index/resource_index/parent_prefix_path/ids_peak
[1.798s] -- Installing: /home/leonard/camPE/install/ids_peak/share/ids_peak/environment/ament_prefix_path.sh
[1.798s] -- Installing: /home/leonard/camPE/install/ids_peak/share/ids_peak/environment/ament_prefix_path.dsv
[1.798s] -- Installing: /home/leonard/camPE/install/ids_peak/share/ids_peak/environment/path.sh
[1.798s] -- Installing: /home/leonard/camPE/install/ids_peak/share/ids_peak/environment/path.dsv
[1.798s] -- Installing: /home/leonard/camPE/install/ids_peak/share/ids_peak/local_setup.bash
[1.798s] -- Installing: /home/leonard/camPE/install/ids_peak/share/ids_peak/local_setup.sh
[1.799s] -- Installing: /home/leonard/camPE/install/ids_peak/share/ids_peak/local_setup.zsh
[1.799s] -- Installing: /home/leonard/camPE/install/ids_peak/share/ids_peak/local_setup.dsv
[1.799s] -- Installing: /home/leonard/camPE/install/ids_peak/share/ids_peak/package.dsv
[1.799s] -- Installing: /home/leonard/camPE/install/ids_peak/share/ament_index/resource_index/packages/ids_peak
[1.799s] -- Installing: /home/leonard/camPE/install/ids_peak/share/ids_peak/cmake/ament_cmake_export_libraries-extras.cmake
[1.799s] -- Installing: /home/leonard/camPE/install/ids_peak/share/ids_peak/cmake/ament_cmake_export_include_directories-extras.cmake
[1.799s] -- Installing: /home/leonard/camPE/install/ids_peak/share/ids_peak/cmake/ament_cmake_export_dependencies-extras.cmake
[1.800s] -- Installing: /home/leonard/camPE/install/ids_peak/share/ids_peak/cmake/ids_peakConfig.cmake
[1.800s] -- Installing: /home/leonard/camPE/install/ids_peak/share/ids_peak/cmake/ids_peakConfig-version.cmake
[1.800s] -- Installing: /home/leonard/camPE/install/ids_peak/share/ids_peak/package.xml
[1.802s] Invoked command in '/home/leonard/camPE/build/ids_peak' returned '0': CMAKE_PREFIX_PATH=/opt/ros/humble /usr/bin/cmake --install /home/leonard/camPE/build/ids_peak
